cl : 명령줄 warning D9035: 'Gm' 옵션은 더 이상 사용되지 않으므로 이후 릴리스에서 제거될 예정입니다.
  Raven_Bot.cpp
  코드를 생성하고 있습니다...
  컴파일하고 있습니다...
  Trigger_WeaponGiver.cpp
  Trigger_SoundNotify.cpp
  Trigger_HealthGiver.cpp
  Raven_PathPlanner.cpp
  main.cpp
  Raven_Scriptor.cpp
  Raven_Feature.cpp
  Goal_TraverseEdge.cpp
  Goal_Think.cpp
  Goal_AdjustRange.cpp
  ExploreGoal_Evaluator.cpp
  Weapon_ShotGun.cpp
  Weapon_RocketLauncher.cpp
  Weapon_RailGun.cpp
  Weapon_Blaster.cpp
  Raven_Weapon.cpp
  Projectile_Slug.cpp
  Projectile_Rocket.cpp
  Projectile_Pellet.cpp
  Projectile_Bolt.cpp
  코드를 생성하고 있습니다...
  컴파일하고 있습니다...
  Raven_WeaponSystem.cpp
  Raven_SteeringBehaviors.cpp
  Raven_Map.cpp
  Raven_Game.cpp
  코드를 생성하고 있습니다...
  Raven.vcxproj -> E:\Desktop\Raven\Raven1\Buckland_Chapter7 to 10_Raven\Debug\Raven.exe
