c:\users\hyemin\desktop\인공지능\2019156037_최혜민\2019156037_최혜민\debug\vc142.pdb
c:\users\hyemin\desktop\인공지능\2019156037_최혜민\2019156037_최혜민\debug\vc142.idb
c:\users\hyemin\desktop\인공지능\2019156037_최혜민\2019156037_최혜민\debug\passerbyownedstates.obj
c:\users\hyemin\desktop\인공지능\2019156037_최혜민\2019156037_최혜민\debug\passerby.obj
c:\users\hyemin\desktop\인공지능\2019156037_최혜민\2019156037_최혜민\debug\messagedispatcher.obj
c:\users\hyemin\desktop\인공지능\2019156037_최혜민\2019156037_최혜민\debug\main.obj
c:\users\hyemin\desktop\인공지능\2019156037_최혜민\2019156037_최혜민\debug\entitymanager.obj
c:\users\hyemin\desktop\인공지능\2019156037_최혜민\2019156037_최혜민\debug\catownedstates.obj
c:\users\hyemin\desktop\인공지능\2019156037_최혜민\2019156037_최혜민\debug\cat.obj
c:\users\hyemin\desktop\인공지능\2019156037_최혜민\2019156037_최혜민\debug\basegameentity.obj
c:\users\hyemin\desktop\인공지능\2019156037_최혜민\2019156037_최혜민\debug\bakerownedstates.obj
c:\users\hyemin\desktop\인공지능\2019156037_최혜민\2019156037_최혜민\debug\baker.obj
c:\users\hyemin\desktop\인공지능\2019156037_최혜민\debug\2019156037_최혜민.exe
c:\users\hyemin\desktop\인공지능\2019156037_최혜민\2019156037_최혜민\debug\2019156037_최혜민.ilk
c:\users\hyemin\desktop\인공지능\2019156037_최혜민\debug\2019156037_최혜민.pdb
c:\users\hyemin\desktop\인공지능\2019156037_최혜민\2019156037_최혜민\debug\messagedispatcher.obj.enc
c:\users\hyemin\desktop\인공지능\2019156037_최혜민\2019156037_최혜민\debug\2019156037_최혜민.tlog\cl.command.1.tlog
c:\users\hyemin\desktop\인공지능\2019156037_최혜민\2019156037_최혜민\debug\2019156037_최혜민.tlog\cl.read.1.tlog
c:\users\hyemin\desktop\인공지능\2019156037_최혜민\2019156037_최혜민\debug\2019156037_최혜민.tlog\cl.write.1.tlog
c:\users\hyemin\desktop\인공지능\2019156037_최혜민\2019156037_최혜민\debug\2019156037_최혜민.tlog\link.command.1.tlog
c:\users\hyemin\desktop\인공지능\2019156037_최혜민\2019156037_최혜민\debug\2019156037_최혜민.tlog\link.read.1.tlog
c:\users\hyemin\desktop\인공지능\2019156037_최혜민\2019156037_최혜민\debug\2019156037_최혜민.tlog\link.write.1.tlog
